<?xml version="1.0" encoding="UTF-8"?>
<!-- Generated by org.testng.reporters.JUnitReportReporter -->
<testsuite hostname="DESKTOP-1KMDQFU" failures="0" tests="1" name="test.Sample_testNG" time="0.012" errors="0" timestamp="2023-12-20T17:08:36 IST" skipped="0">
  <testcase classname="test.Sample_testNG" name="test" time="0.012"/>
</testsuite> <!-- test.Sample_testNG -->
