<?xml version="1.0" encoding="UTF-8"?>
<!-- Generated by org.testng.reporters.JUnitReportReporter -->
<testsuite hostname="DESKTOP-1KMDQFU" failures="0" tests="1" name="testNG_trials.Sample_Intro" time="0.006" errors="0" timestamp="2023-12-21T15:15:58 IST" skipped="0">
  <testcase classname="testNG_trials.Sample_Intro" name="test" time="0.006"/>
</testsuite> <!-- testNG_trials.Sample_Intro -->
