<?xml version="1.0" encoding="UTF-8"?>
<!-- Generated by org.testng.reporters.JUnitReportReporter -->
<testsuite hostname="DESKTOP-1KMDQFU" failures="0" tests="1" name="testNG_trials.TestdataLogic" time="0.722" errors="0" timestamp="2023-12-27T15:10:27 IST" skipped="0">
  <testcase classname="testNG_trials.TestdataLogic" name="Exceldata" time="0.722"/>
</testsuite> <!-- testNG_trials.TestdataLogic -->
